2026-02-02 18:08:39 +05:30: 2026-02-02T12:38:39.867Z [[32minfo[39m]: Redis connected {"service":"backend-api"}
2026-02-02 18:08:39 +05:30: 2026-02-02T12:38:39.875Z [[32minfo[39m]: ✅ MongoDB connected {"service":"backend-api"}
2026-02-02 18:08:39 +05:30: 2026-02-02T12:38:39.890Z [[32minfo[39m]: ================================================ {"service":"backend-api"}
2026-02-02 18:08:39 +05:30: 2026-02-02T12:38:39.890Z [[32minfo[39m]: ✔ Server started successfully! {"service":"backend-api"}
2026-02-02 18:08:39 +05:30: 2026-02-02T12:38:39.890Z [[32minfo[39m]: 🌐 Server URL: http://localhost:3000 {"service":"backend-api"}
2026-02-02 18:08:39 +05:30: 2026-02-02T12:38:39.891Z [[32minfo[39m]: 🌍 Environment: development {"service":"backend-api"}
2026-02-02 18:08:39 +05:30: 2026-02-02T12:38:39.891Z [[32minfo[39m]: ================================================ {"service":"backend-api"}
2026-02-02 18:08:40 +05:30: 2026-02-02T12:38:40.524Z [[32minfo[39m]: Redis connected {"service":"backend-api"}
2026-02-02 18:08:40 +05:30: 2026-02-02T12:38:40.536Z [[32minfo[39m]: ✅ MongoDB connected {"service":"backend-api"}
2026-02-02 18:08:40 +05:30: 2026-02-02T12:38:40.545Z [[32minfo[39m]: ================================================ {"service":"backend-api"}
2026-02-02 18:08:40 +05:30: 2026-02-02T12:38:40.545Z [[32minfo[39m]: ✔ Server started successfully! {"service":"backend-api"}
2026-02-02 18:08:40 +05:30: 2026-02-02T12:38:40.546Z [[32minfo[39m]: 🌐 Server URL: http://localhost:3000 {"service":"backend-api"}
2026-02-02 18:08:40 +05:30: 2026-02-02T12:38:40.546Z [[32minfo[39m]: 🌍 Environment: development {"service":"backend-api"}
2026-02-02 18:08:40 +05:30: 2026-02-02T12:38:40.546Z [[32minfo[39m]: ================================================ {"service":"backend-api"}
2026-02-02 18:08:41 +05:30: 2026-02-02T12:38:41.181Z [[32minfo[39m]: Redis connected {"service":"backend-api"}
2026-02-02 18:08:41 +05:30: 2026-02-02T12:38:41.188Z [[32minfo[39m]: ✅ MongoDB connected {"service":"backend-api"}
2026-02-02 18:08:41 +05:30: 2026-02-02T12:38:41.197Z [[32minfo[39m]: ================================================ {"service":"backend-api"}
2026-02-02 18:08:41 +05:30: 2026-02-02T12:38:41.197Z [[32minfo[39m]: ✔ Server started successfully! {"service":"backend-api"}
2026-02-02 18:08:41 +05:30: 2026-02-02T12:38:41.198Z [[32minfo[39m]: 🌐 Server URL: http://localhost:3000 {"service":"backend-api"}
2026-02-02 18:08:41 +05:30: 2026-02-02T12:38:41.198Z [[32minfo[39m]: 🌍 Environment: development {"service":"backend-api"}
2026-02-02 18:08:41 +05:30: 2026-02-02T12:38:41.198Z [[32minfo[39m]: ================================================ {"service":"backend-api"}
2026-02-02 18:08:41 +05:30: 2026-02-02T12:38:41.813Z [[32minfo[39m]: Redis connected {"service":"backend-api"}
2026-02-02 18:08:41 +05:30: 2026-02-02T12:38:41.821Z [[32minfo[39m]: ✅ MongoDB connected {"service":"backend-api"}
2026-02-02 18:08:41 +05:30: 2026-02-02T12:38:41.830Z [[32minfo[39m]: ================================================ {"service":"backend-api"}
2026-02-02 18:08:41 +05:30: 2026-02-02T12:38:41.830Z [[32minfo[39m]: ✔ Server started successfully! {"service":"backend-api"}
2026-02-02 18:08:41 +05:30: 2026-02-02T12:38:41.830Z [[32minfo[39m]: 🌐 Server URL: http://localhost:3000 {"service":"backend-api"}
2026-02-02 18:08:41 +05:30: 2026-02-02T12:38:41.830Z [[32minfo[39m]: 🌍 Environment: development {"service":"backend-api"}
2026-02-02 18:08:41 +05:30: 2026-02-02T12:38:41.831Z [[32minfo[39m]: ================================================ {"service":"backend-api"}
2026-02-02 18:08:42 +05:30: 2026-02-02T12:38:42.406Z [[32minfo[39m]: Redis connected {"service":"backend-api"}
2026-02-02 18:08:42 +05:30: 2026-02-02T12:38:42.413Z [[32minfo[39m]: ✅ MongoDB connected {"service":"backend-api"}
2026-02-02 18:08:42 +05:30: 2026-02-02T12:38:42.424Z [[32minfo[39m]: ================================================ {"service":"backend-api"}
2026-02-02 18:08:42 +05:30: 2026-02-02T12:38:42.424Z [[32minfo[39m]: ✔ Server started successfully! {"service":"backend-api"}
2026-02-02 18:08:42 +05:30: 2026-02-02T12:38:42.425Z [[32minfo[39m]: 🌐 Server URL: http://localhost:3000 {"service":"backend-api"}
2026-02-02 18:08:42 +05:30: 2026-02-02T12:38:42.425Z [[32minfo[39m]: 🌍 Environment: development {"service":"backend-api"}
2026-02-02 18:08:42 +05:30: 2026-02-02T12:38:42.425Z [[32minfo[39m]: ================================================ {"service":"backend-api"}
2026-02-02 18:08:43 +05:30: 2026-02-02T12:38:43.078Z [[32minfo[39m]: Redis connected {"service":"backend-api"}
2026-02-02 18:08:43 +05:30: 2026-02-02T12:38:43.086Z [[32minfo[39m]: ✅ MongoDB connected {"service":"backend-api"}
2026-02-02 18:08:43 +05:30: 2026-02-02T12:38:43.094Z [[32minfo[39m]: ================================================ {"service":"backend-api"}
2026-02-02 18:08:43 +05:30: 2026-02-02T12:38:43.094Z [[32minfo[39m]: ✔ Server started successfully! {"service":"backend-api"}
2026-02-02 18:08:43 +05:30: 2026-02-02T12:38:43.094Z [[32minfo[39m]: 🌐 Server URL: http://localhost:3000 {"service":"backend-api"}
2026-02-02 18:08:43 +05:30: 2026-02-02T12:38:43.094Z [[32minfo[39m]: 🌍 Environment: development {"service":"backend-api"}
2026-02-02 18:08:43 +05:30: 2026-02-02T12:38:43.095Z [[32minfo[39m]: ================================================ {"service":"backend-api"}
2026-02-02 18:08:43 +05:30: 2026-02-02T12:38:43.667Z [[32minfo[39m]: Redis connected {"service":"backend-api"}
2026-02-02 18:08:43 +05:30: 2026-02-02T12:38:43.679Z [[32minfo[39m]: ✅ MongoDB connected {"service":"backend-api"}
2026-02-02 18:08:43 +05:30: 2026-02-02T12:38:43.688Z [[32minfo[39m]: ================================================ {"service":"backend-api"}
2026-02-02 18:08:43 +05:30: 2026-02-02T12:38:43.688Z [[32minfo[39m]: ✔ Server started successfully! {"service":"backend-api"}
2026-02-02 18:08:43 +05:30: 2026-02-02T12:38:43.688Z [[32minfo[39m]: 🌐 Server URL: http://localhost:3000 {"service":"backend-api"}
2026-02-02 18:08:43 +05:30: 2026-02-02T12:38:43.689Z [[32minfo[39m]: 🌍 Environment: development {"service":"backend-api"}
2026-02-02 18:08:43 +05:30: 2026-02-02T12:38:43.689Z [[32minfo[39m]: ================================================ {"service":"backend-api"}
2026-02-02 18:08:44 +05:30: 2026-02-02T12:38:44.259Z [[32minfo[39m]: Redis connected {"service":"backend-api"}
2026-02-02 18:08:44 +05:30: 2026-02-02T12:38:44.266Z [[32minfo[39m]: ✅ MongoDB connected {"service":"backend-api"}
2026-02-02 18:08:44 +05:30: 2026-02-02T12:38:44.274Z [[32minfo[39m]: ================================================ {"service":"backend-api"}
2026-02-02 18:08:44 +05:30: 2026-02-02T12:38:44.275Z [[32minfo[39m]: ✔ Server started successfully! {"service":"backend-api"}
2026-02-02 18:08:44 +05:30: 2026-02-02T12:38:44.275Z [[32minfo[39m]: 🌐 Server URL: http://localhost:3000 {"service":"backend-api"}
2026-02-02 18:08:44 +05:30: 2026-02-02T12:38:44.275Z [[32minfo[39m]: 🌍 Environment: development {"service":"backend-api"}
2026-02-02 18:08:44 +05:30: 2026-02-02T12:38:44.275Z [[32minfo[39m]: ================================================ {"service":"backend-api"}
2026-02-02 18:08:44 +05:30: 2026-02-02T12:38:44.837Z [[32minfo[39m]: Redis connected {"service":"backend-api"}
2026-02-02 18:08:44 +05:30: 2026-02-02T12:38:44.843Z [[32minfo[39m]: ✅ MongoDB connected {"service":"backend-api"}
2026-02-02 18:08:44 +05:30: 2026-02-02T12:38:44.851Z [[32minfo[39m]: ================================================ {"service":"backend-api"}
2026-02-02 18:08:44 +05:30: 2026-02-02T12:38:44.852Z [[32minfo[39m]: ✔ Server started successfully! {"service":"backend-api"}
2026-02-02 18:08:44 +05:30: 2026-02-02T12:38:44.852Z [[32minfo[39m]: 🌐 Server URL: http://localhost:3000 {"service":"backend-api"}
2026-02-02 18:08:44 +05:30: 2026-02-02T12:38:44.852Z [[32minfo[39m]: 🌍 Environment: development {"service":"backend-api"}
2026-02-02 18:08:44 +05:30: 2026-02-02T12:38:44.852Z [[32minfo[39m]: ================================================ {"service":"backend-api"}
2026-02-02 18:08:45 +05:30: 2026-02-02T12:38:45.402Z [[32minfo[39m]: Redis connected {"service":"backend-api"}
2026-02-02 18:08:45 +05:30: 2026-02-02T12:38:45.408Z [[32minfo[39m]: ✅ MongoDB connected {"service":"backend-api"}
2026-02-02 18:08:45 +05:30: 2026-02-02T12:38:45.416Z [[32minfo[39m]: ================================================ {"service":"backend-api"}
2026-02-02 18:08:45 +05:30: 2026-02-02T12:38:45.417Z [[32minfo[39m]: ✔ Server started successfully! {"service":"backend-api"}
2026-02-02 18:08:45 +05:30: 2026-02-02T12:38:45.417Z [[32minfo[39m]: 🌐 Server URL: http://localhost:3000 {"service":"backend-api"}
2026-02-02 18:08:45 +05:30: 2026-02-02T12:38:45.417Z [[32minfo[39m]: 🌍 Environment: development {"service":"backend-api"}
2026-02-02 18:08:45 +05:30: 2026-02-02T12:38:45.417Z [[32minfo[39m]: ================================================ {"service":"backend-api"}
2026-02-02 18:08:45 +05:30: 2026-02-02T12:38:45.975Z [[32minfo[39m]: Redis connected {"service":"backend-api"}
2026-02-02 18:08:45 +05:30: 2026-02-02T12:38:45.982Z [[32minfo[39m]: ✅ MongoDB connected {"service":"backend-api"}
2026-02-02 18:08:45 +05:30: 2026-02-02T12:38:45.990Z [[32minfo[39m]: ================================================ {"service":"backend-api"}
2026-02-02 18:08:45 +05:30: 2026-02-02T12:38:45.990Z [[32minfo[39m]: ✔ Server started successfully! {"service":"backend-api"}
2026-02-02 18:08:45 +05:30: 2026-02-02T12:38:45.991Z [[32minfo[39m]: 🌐 Server URL: http://localhost:3000 {"service":"backend-api"}
2026-02-02 18:08:45 +05:30: 2026-02-02T12:38:45.991Z [[32minfo[39m]: 🌍 Environment: development {"service":"backend-api"}
2026-02-02 18:08:45 +05:30: 2026-02-02T12:38:45.991Z [[32minfo[39m]: ================================================ {"service":"backend-api"}
2026-02-02 18:08:46 +05:30: 2026-02-02T12:38:46.562Z [[32minfo[39m]: Redis connected {"service":"backend-api"}
2026-02-02 18:08:46 +05:30: 2026-02-02T12:38:46.569Z [[32minfo[39m]: ✅ MongoDB connected {"service":"backend-api"}
2026-02-02 18:08:46 +05:30: 2026-02-02T12:38:46.577Z [[32minfo[39m]: ================================================ {"service":"backend-api"}
2026-02-02 18:08:46 +05:30: 2026-02-02T12:38:46.578Z [[32minfo[39m]: ✔ Server started successfully! {"service":"backend-api"}
2026-02-02 18:08:46 +05:30: 2026-02-02T12:38:46.578Z [[32minfo[39m]: 🌐 Server URL: http://localhost:3000 {"service":"backend-api"}
2026-02-02 18:08:46 +05:30: 2026-02-02T12:38:46.578Z [[32minfo[39m]: 🌍 Environment: development {"service":"backend-api"}
2026-02-02 18:08:46 +05:30: 2026-02-02T12:38:46.578Z [[32minfo[39m]: ================================================ {"service":"backend-api"}
2026-02-02 18:15:57 +05:30: 2026-02-02T12:45:57.669Z [[32minfo[39m]: 👋 SIGINT received. Shutting down gracefully... {"service":"backend-api"}
2026-02-02 18:15:57 +05:30: 2026-02-02T12:45:57.670Z [[32minfo[39m]: 👋 SIGINT received. Shutting down gracefully... {"service":"backend-api"}
2026-02-02 18:15:58 +05:30: 2026-02-02T12:45:58.394Z [[32minfo[39m]: Redis connected {"service":"backend-api"}
2026-02-02 18:15:58 +05:30: 2026-02-02T12:45:58.394Z [[32minfo[39m]: Redis connected {"service":"backend-api"}
2026-02-02 18:15:58 +05:30: 2026-02-02T12:45:58.401Z [[32minfo[39m]: ✅ MongoDB connected {"service":"backend-api"}
2026-02-02 18:15:58 +05:30: 2026-02-02T12:45:58.401Z [[32minfo[39m]: ✅ MongoDB connected {"service":"backend-api"}
2026-02-02 18:15:58 +05:30: 2026-02-02T12:45:58.409Z [[32minfo[39m]: ================================================ {"service":"backend-api"}
2026-02-02 18:15:58 +05:30: 2026-02-02T12:45:58.409Z [[32minfo[39m]: ================================================ {"service":"backend-api"}
2026-02-02 18:15:58 +05:30: 2026-02-02T12:45:58.410Z [[32minfo[39m]: ✔ Server started successfully! {"service":"backend-api"}
2026-02-02 18:15:58 +05:30: 2026-02-02T12:45:58.410Z [[32minfo[39m]: 🌐 Server URL: http://localhost:3000 {"service":"backend-api"}
2026-02-02 18:15:58 +05:30: 2026-02-02T12:45:58.410Z [[32minfo[39m]: 🌍 Environment: development {"service":"backend-api"}
2026-02-02 18:15:58 +05:30: 2026-02-02T12:45:58.410Z [[32minfo[39m]: ================================================ {"service":"backend-api"}
2026-02-02 18:15:58 +05:30: 2026-02-02T12:45:58.410Z [[32minfo[39m]: ✔ Server started successfully! {"service":"backend-api"}
2026-02-02 18:15:58 +05:30: 2026-02-02T12:45:58.410Z [[32minfo[39m]: 🌐 Server URL: http://localhost:3000 {"service":"backend-api"}
2026-02-02 18:15:58 +05:30: 2026-02-02T12:45:58.410Z [[32minfo[39m]: 🌍 Environment: development {"service":"backend-api"}
2026-02-02 18:15:58 +05:30: 2026-02-02T12:45:58.410Z [[32minfo[39m]: ================================================ {"service":"backend-api"}
2026-02-02 18:15:58 +05:30: 2026-02-02T12:45:58.433Z [[32minfo[39m]: 👋 SIGINT received. Shutting down gracefully... {"service":"backend-api"}
2026-02-02 18:15:58 +05:30: 2026-02-02T12:45:58.435Z [[32minfo[39m]: 👋 SIGINT received. Shutting down gracefully... {"service":"backend-api"}
2026-02-02 18:15:59 +05:30: 2026-02-02T12:45:59.151Z [[32minfo[39m]: Redis connected {"service":"backend-api"}
2026-02-02 18:15:59 +05:30: 2026-02-02T12:45:59.158Z [[32minfo[39m]: ✅ MongoDB connected {"service":"backend-api"}
2026-02-02 18:15:59 +05:30: 2026-02-02T12:45:59.164Z [[32minfo[39m]: Redis connected {"service":"backend-api"}
2026-02-02 18:15:59 +05:30: 2026-02-02T12:45:59.167Z [[32minfo[39m]: ================================================ {"service":"backend-api"}
2026-02-02 18:15:59 +05:30: 2026-02-02T12:45:59.167Z [[32minfo[39m]: ✔ Server started successfully! {"service":"backend-api"}
2026-02-02 18:15:59 +05:30: 2026-02-02T12:45:59.167Z [[32minfo[39m]: 🌐 Server URL: http://localhost:3000 {"service":"backend-api"}
2026-02-02 18:15:59 +05:30: 2026-02-02T12:45:59.167Z [[32minfo[39m]: 🌍 Environment: development {"service":"backend-api"}
2026-02-02 18:15:59 +05:30: 2026-02-02T12:45:59.168Z [[32minfo[39m]: ================================================ {"service":"backend-api"}
2026-02-02 18:15:59 +05:30: 2026-02-02T12:45:59.171Z [[32minfo[39m]: ✅ MongoDB connected {"service":"backend-api"}
2026-02-02 18:15:59 +05:30: 2026-02-02T12:45:59.181Z [[32minfo[39m]: ================================================ {"service":"backend-api"}
2026-02-02 18:15:59 +05:30: 2026-02-02T12:45:59.181Z [[32minfo[39m]: ✔ Server started successfully! {"service":"backend-api"}
2026-02-02 18:15:59 +05:30: 2026-02-02T12:45:59.181Z [[32minfo[39m]: 🌐 Server URL: http://localhost:3000 {"service":"backend-api"}
2026-02-02 18:15:59 +05:30: 2026-02-02T12:45:59.181Z [[32minfo[39m]: 🌍 Environment: development {"service":"backend-api"}
2026-02-02 18:15:59 +05:30: 2026-02-02T12:45:59.181Z [[32minfo[39m]: ================================================ {"service":"backend-api"}
2026-02-02 18:15:59 +05:30: 2026-02-02T12:45:59.192Z [[32minfo[39m]: 👋 SIGINT received. Shutting down gracefully... {"service":"backend-api"}
2026-02-02 18:15:59 +05:30: 2026-02-02T12:45:59.208Z [[32minfo[39m]: 👋 SIGINT received. Shutting down gracefully... {"service":"backend-api"}
2026-02-02 18:15:59 +05:30: 2026-02-02T12:45:59.928Z [[32minfo[39m]: Redis connected {"service":"backend-api"}
2026-02-02 18:15:59 +05:30: 2026-02-02T12:45:59.936Z [[32minfo[39m]: ✅ MongoDB connected {"service":"backend-api"}
2026-02-02 18:15:59 +05:30: 2026-02-02T12:45:59.939Z [[32minfo[39m]: Redis connected {"service":"backend-api"}
2026-02-02 18:15:59 +05:30: 2026-02-02T12:45:59.945Z [[32minfo[39m]: ================================================ {"service":"backend-api"}
2026-02-02 18:15:59 +05:30: 2026-02-02T12:45:59.945Z [[32minfo[39m]: ✔ Server started successfully! {"service":"backend-api"}
2026-02-02 18:15:59 +05:30: 2026-02-02T12:45:59.945Z [[32minfo[39m]: 🌐 Server URL: http://localhost:3000 {"service":"backend-api"}
2026-02-02 18:15:59 +05:30: 2026-02-02T12:45:59.945Z [[32minfo[39m]: 🌍 Environment: development {"service":"backend-api"}
2026-02-02 18:15:59 +05:30: 2026-02-02T12:45:59.945Z [[32minfo[39m]: ================================================ {"service":"backend-api"}
2026-02-02 18:15:59 +05:30: 2026-02-02T12:45:59.946Z [[32minfo[39m]: ✅ MongoDB connected {"service":"backend-api"}
2026-02-02 18:15:59 +05:30: 2026-02-02T12:45:59.955Z [[32minfo[39m]: ================================================ {"service":"backend-api"}
2026-02-02 18:15:59 +05:30: 2026-02-02T12:45:59.956Z [[32minfo[39m]: ✔ Server started successfully! {"service":"backend-api"}
2026-02-02 18:15:59 +05:30: 2026-02-02T12:45:59.956Z [[32minfo[39m]: 🌐 Server URL: http://localhost:3000 {"service":"backend-api"}
2026-02-02 18:15:59 +05:30: 2026-02-02T12:45:59.956Z [[32minfo[39m]: 🌍 Environment: development {"service":"backend-api"}
2026-02-02 18:15:59 +05:30: 2026-02-02T12:45:59.956Z [[32minfo[39m]: ================================================ {"service":"backend-api"}
2026-02-02 18:15:59 +05:30: 2026-02-02T12:45:59.971Z [[32minfo[39m]: 👋 SIGINT received. Shutting down gracefully... {"service":"backend-api"}
2026-02-02 18:15:59 +05:30: 2026-02-02T12:45:59.974Z [[32minfo[39m]: 👋 SIGINT received. Shutting down gracefully... {"service":"backend-api"}
2026-02-02 18:16:00 +05:30: 2026-02-02T12:46:00.663Z [[32minfo[39m]: Redis connected {"service":"backend-api"}
2026-02-02 18:16:00 +05:30: 2026-02-02T12:46:00.670Z [[32minfo[39m]: ✅ MongoDB connected {"service":"backend-api"}
2026-02-02 18:16:00 +05:30: 2026-02-02T12:46:00.674Z [[32minfo[39m]: Redis connected {"service":"backend-api"}
2026-02-02 18:16:00 +05:30: 2026-02-02T12:46:00.678Z [[32minfo[39m]: ================================================ {"service":"backend-api"}
2026-02-02 18:16:00 +05:30: 2026-02-02T12:46:00.678Z [[32minfo[39m]: ✔ Server started successfully! {"service":"backend-api"}
2026-02-02 18:16:00 +05:30: 2026-02-02T12:46:00.678Z [[32minfo[39m]: 🌐 Server URL: http://localhost:3000 {"service":"backend-api"}
2026-02-02 18:16:00 +05:30: 2026-02-02T12:46:00.678Z [[32minfo[39m]: 🌍 Environment: development {"service":"backend-api"}
2026-02-02 18:16:00 +05:30: 2026-02-02T12:46:00.678Z [[32minfo[39m]: ================================================ {"service":"backend-api"}
2026-02-02 18:16:00 +05:30: 2026-02-02T12:46:00.681Z [[32minfo[39m]: ✅ MongoDB connected {"service":"backend-api"}
2026-02-02 18:16:00 +05:30: 2026-02-02T12:46:00.691Z [[32minfo[39m]: ================================================ {"service":"backend-api"}
2026-02-02 18:16:00 +05:30: 2026-02-02T12:46:00.691Z [[32minfo[39m]: ✔ Server started successfully! {"service":"backend-api"}
2026-02-02 18:16:00 +05:30: 2026-02-02T12:46:00.691Z [[32minfo[39m]: 🌐 Server URL: http://localhost:3000 {"service":"backend-api"}
2026-02-02 18:16:00 +05:30: 2026-02-02T12:46:00.691Z [[32minfo[39m]: 🌍 Environment: development {"service":"backend-api"}
2026-02-02 18:16:00 +05:30: 2026-02-02T12:46:00.692Z [[32minfo[39m]: ================================================ {"service":"backend-api"}
2026-02-02 18:16:00 +05:30: 2026-02-02T12:46:00.701Z [[32minfo[39m]: 👋 SIGINT received. Shutting down gracefully... {"service":"backend-api"}
2026-02-02 18:16:00 +05:30: 2026-02-02T12:46:00.717Z [[32minfo[39m]: 👋 SIGINT received. Shutting down gracefully... {"service":"backend-api"}
2026-02-02 18:16:01 +05:30: 2026-02-02T12:46:01.394Z [[32minfo[39m]: Redis connected {"service":"backend-api"}
2026-02-02 18:16:01 +05:30: 2026-02-02T12:46:01.401Z [[32minfo[39m]: ✅ MongoDB connected {"service":"backend-api"}
2026-02-02 18:16:01 +05:30: 2026-02-02T12:46:01.409Z [[32minfo[39m]: ================================================ {"service":"backend-api"}
2026-02-02 18:16:01 +05:30: 2026-02-02T12:46:01.409Z [[32minfo[39m]: ✔ Server started successfully! {"service":"backend-api"}
2026-02-02 18:16:01 +05:30: 2026-02-02T12:46:01.409Z [[32minfo[39m]: 🌐 Server URL: http://localhost:3000 {"service":"backend-api"}
2026-02-02 18:16:01 +05:30: 2026-02-02T12:46:01.409Z [[32minfo[39m]: 🌍 Environment: development {"service":"backend-api"}
2026-02-02 18:16:01 +05:30: 2026-02-02T12:46:01.410Z [[32minfo[39m]: ================================================ {"service":"backend-api"}
2026-02-02 18:16:01 +05:30: 2026-02-02T12:46:01.412Z [[32minfo[39m]: Redis connected {"service":"backend-api"}
2026-02-02 18:16:01 +05:30: 2026-02-02T12:46:01.419Z [[32minfo[39m]: ✅ MongoDB connected {"service":"backend-api"}
2026-02-02 18:16:01 +05:30: 2026-02-02T12:46:01.428Z [[32minfo[39m]: 👋 SIGINT received. Shutting down gracefully... {"service":"backend-api"}
2026-02-02 18:16:01 +05:30: 2026-02-02T12:46:01.430Z [[32minfo[39m]: ================================================ {"service":"backend-api"}
2026-02-02 18:16:01 +05:30: 2026-02-02T12:46:01.431Z [[32minfo[39m]: ✔ Server started successfully! {"service":"backend-api"}
2026-02-02 18:16:01 +05:30: 2026-02-02T12:46:01.431Z [[32minfo[39m]: 🌐 Server URL: http://localhost:3000 {"service":"backend-api"}
2026-02-02 18:16:01 +05:30: 2026-02-02T12:46:01.431Z [[32minfo[39m]: 🌍 Environment: development {"service":"backend-api"}
2026-02-02 18:16:01 +05:30: 2026-02-02T12:46:01.431Z [[32minfo[39m]: ================================================ {"service":"backend-api"}
2026-02-02 18:16:01 +05:30: 2026-02-02T12:46:01.451Z [[32minfo[39m]: 👋 SIGINT received. Shutting down gracefully... {"service":"backend-api"}
2026-02-02 18:16:02 +05:30: 2026-02-02T12:46:02.125Z [[32minfo[39m]: Redis connected {"service":"backend-api"}
2026-02-02 18:16:02 +05:30: 2026-02-02T12:46:02.129Z [[32minfo[39m]: Redis connected {"service":"backend-api"}
2026-02-02 18:16:02 +05:30: 2026-02-02T12:46:02.132Z [[32minfo[39m]: ✅ MongoDB connected {"service":"backend-api"}
2026-02-02 18:16:02 +05:30: 2026-02-02T12:46:02.140Z [[32minfo[39m]: ================================================ {"service":"backend-api"}
2026-02-02 18:16:02 +05:30: 2026-02-02T12:46:02.141Z [[32minfo[39m]: ✅ MongoDB connected {"service":"backend-api"}
2026-02-02 18:16:02 +05:30: 2026-02-02T12:46:02.141Z [[32minfo[39m]: ✔ Server started successfully! {"service":"backend-api"}
2026-02-02 18:16:02 +05:30: 2026-02-02T12:46:02.141Z [[32minfo[39m]: 🌐 Server URL: http://localhost:3000 {"service":"backend-api"}
2026-02-02 18:16:02 +05:30: 2026-02-02T12:46:02.141Z [[32minfo[39m]: 🌍 Environment: development {"service":"backend-api"}
2026-02-02 18:16:02 +05:30: 2026-02-02T12:46:02.141Z [[32minfo[39m]: ================================================ {"service":"backend-api"}
2026-02-02 18:16:02 +05:30: 2026-02-02T12:46:02.149Z [[32minfo[39m]: ================================================ {"service":"backend-api"}
2026-02-02 18:16:02 +05:30: 2026-02-02T12:46:02.150Z [[32minfo[39m]: ✔ Server started successfully! {"service":"backend-api"}
2026-02-02 18:16:02 +05:30: 2026-02-02T12:46:02.150Z [[32minfo[39m]: 🌐 Server URL: http://localhost:3000 {"service":"backend-api"}
2026-02-02 18:16:02 +05:30: 2026-02-02T12:46:02.150Z [[32minfo[39m]: 🌍 Environment: development {"service":"backend-api"}
2026-02-02 18:16:02 +05:30: 2026-02-02T12:46:02.150Z [[32minfo[39m]: ================================================ {"service":"backend-api"}
2026-02-02 18:25:48 +05:30: 2026-02-02T12:55:48.659Z [[32minfo[39m]: Redis connected {"service":"backend-api"}
2026-02-02 18:25:48 +05:30: 2026-02-02T12:55:48.669Z [[32minfo[39m]: ✅ MongoDB connected {"service":"backend-api"}
2026-02-02 18:25:48 +05:30: 2026-02-02T12:55:48.689Z [[32minfo[39m]: ================================================ {"service":"backend-api"}
2026-02-02 18:25:48 +05:30: 2026-02-02T12:55:48.689Z [[32minfo[39m]: ✔ Server started successfully! {"service":"backend-api"}
2026-02-02 18:25:48 +05:30: 2026-02-02T12:55:48.690Z [[32minfo[39m]: 🌐 Server URL: http://localhost:3000 {"service":"backend-api"}
2026-02-02 18:25:48 +05:30: 2026-02-02T12:55:48.690Z [[32minfo[39m]: 🌍 Environment: development {"service":"backend-api"}
2026-02-02 18:25:48 +05:30: 2026-02-02T12:55:48.690Z [[32minfo[39m]: ================================================ {"service":"backend-api"}
2026-02-02 18:25:49 +05:30: 2026-02-02T12:55:49.326Z [[32minfo[39m]: Redis connected {"service":"backend-api"}
2026-02-02 18:25:49 +05:30: 2026-02-02T12:55:49.333Z [[32minfo[39m]: ✅ MongoDB connected {"service":"backend-api"}
2026-02-02 18:25:49 +05:30: 2026-02-02T12:55:49.342Z [[32minfo[39m]: ================================================ {"service":"backend-api"}
2026-02-02 18:25:49 +05:30: 2026-02-02T12:55:49.342Z [[32minfo[39m]: ✔ Server started successfully! {"service":"backend-api"}
2026-02-02 18:25:49 +05:30: 2026-02-02T12:55:49.342Z [[32minfo[39m]: 🌐 Server URL: http://localhost:3000 {"service":"backend-api"}
2026-02-02 18:25:49 +05:30: 2026-02-02T12:55:49.343Z [[32minfo[39m]: 🌍 Environment: development {"service":"backend-api"}
2026-02-02 18:25:49 +05:30: 2026-02-02T12:55:49.343Z [[32minfo[39m]: ================================================ {"service":"backend-api"}
2026-02-02 18:25:49 +05:30: 2026-02-02T12:55:49.958Z [[32minfo[39m]: Redis connected {"service":"backend-api"}
2026-02-02 18:25:49 +05:30: 2026-02-02T12:55:49.965Z [[32minfo[39m]: ✅ MongoDB connected {"service":"backend-api"}
2026-02-02 18:25:49 +05:30: 2026-02-02T12:55:49.974Z [[32minfo[39m]: ================================================ {"service":"backend-api"}
2026-02-02 18:25:49 +05:30: 2026-02-02T12:55:49.974Z [[32minfo[39m]: ✔ Server started successfully! {"service":"backend-api"}
2026-02-02 18:25:49 +05:30: 2026-02-02T12:55:49.975Z [[32minfo[39m]: 🌐 Server URL: http://localhost:3000 {"service":"backend-api"}
2026-02-02 18:25:49 +05:30: 2026-02-02T12:55:49.975Z [[32minfo[39m]: 🌍 Environment: development {"service":"backend-api"}
2026-02-02 18:25:49 +05:30: 2026-02-02T12:55:49.975Z [[32minfo[39m]: ================================================ {"service":"backend-api"}
2026-02-02 18:25:50 +05:30: 2026-02-02T12:55:50.691Z [[32minfo[39m]: Redis connected {"service":"backend-api"}
2026-02-02 18:25:50 +05:30: 2026-02-02T12:55:50.698Z [[32minfo[39m]: ✅ MongoDB connected {"service":"backend-api"}
2026-02-02 18:25:50 +05:30: 2026-02-02T12:55:50.710Z [[32minfo[39m]: ================================================ {"service":"backend-api"}
2026-02-02 18:25:50 +05:30: 2026-02-02T12:55:50.711Z [[32minfo[39m]: ✔ Server started successfully! {"service":"backend-api"}
2026-02-02 18:25:50 +05:30: 2026-02-02T12:55:50.711Z [[32minfo[39m]: 🌐 Server URL: http://localhost:3000 {"service":"backend-api"}
2026-02-02 18:25:50 +05:30: 2026-02-02T12:55:50.711Z [[32minfo[39m]: 🌍 Environment: development {"service":"backend-api"}
2026-02-02 18:25:50 +05:30: 2026-02-02T12:55:50.712Z [[32minfo[39m]: ================================================ {"service":"backend-api"}
2026-02-02 18:25:51 +05:30: 2026-02-02T12:55:51.329Z [[32minfo[39m]: Redis connected {"service":"backend-api"}
2026-02-02 18:25:51 +05:30: 2026-02-02T12:55:51.339Z [[32minfo[39m]: ✅ MongoDB connected {"service":"backend-api"}
2026-02-02 18:25:51 +05:30: 2026-02-02T12:55:51.348Z [[32minfo[39m]: ================================================ {"service":"backend-api"}
2026-02-02 18:25:51 +05:30: 2026-02-02T12:55:51.348Z [[32minfo[39m]: ✔ Server started successfully! {"service":"backend-api"}
2026-02-02 18:25:51 +05:30: 2026-02-02T12:55:51.348Z [[32minfo[39m]: 🌐 Server URL: http://localhost:3000 {"service":"backend-api"}
2026-02-02 18:25:51 +05:30: 2026-02-02T12:55:51.348Z [[32minfo[39m]: 🌍 Environment: development {"service":"backend-api"}
2026-02-02 18:25:51 +05:30: 2026-02-02T12:55:51.348Z [[32minfo[39m]: ================================================ {"service":"backend-api"}
2026-02-02 18:25:52 +05:30: 2026-02-02T12:55:52.064Z [[32minfo[39m]: Redis connected {"service":"backend-api"}
2026-02-02 18:25:52 +05:30: 2026-02-02T12:55:52.072Z [[32minfo[39m]: ✅ MongoDB connected {"service":"backend-api"}
2026-02-02 18:25:52 +05:30: 2026-02-02T12:55:52.081Z [[32minfo[39m]: ================================================ {"service":"backend-api"}
2026-02-02 18:25:52 +05:30: 2026-02-02T12:55:52.082Z [[32minfo[39m]: ✔ Server started successfully! {"service":"backend-api"}
2026-02-02 18:25:52 +05:30: 2026-02-02T12:55:52.082Z [[32minfo[39m]: 🌐 Server URL: http://localhost:3000 {"service":"backend-api"}
2026-02-02 18:25:52 +05:30: 2026-02-02T12:55:52.082Z [[32minfo[39m]: 🌍 Environment: development {"service":"backend-api"}
2026-02-02 18:25:52 +05:30: 2026-02-02T12:55:52.082Z [[32minfo[39m]: ================================================ {"service":"backend-api"}
2026-02-02 18:25:52 +05:30: 2026-02-02T12:55:52.725Z [[32minfo[39m]: Redis connected {"service":"backend-api"}
2026-02-02 18:25:52 +05:30: 2026-02-02T12:55:52.732Z [[32minfo[39m]: ✅ MongoDB connected {"service":"backend-api"}
2026-02-02 18:25:52 +05:30: 2026-02-02T12:55:52.741Z [[32minfo[39m]: ================================================ {"service":"backend-api"}
2026-02-02 18:25:52 +05:30: 2026-02-02T12:55:52.741Z [[32minfo[39m]: ✔ Server started successfully! {"service":"backend-api"}
2026-02-02 18:25:52 +05:30: 2026-02-02T12:55:52.741Z [[32minfo[39m]: 🌐 Server URL: http://localhost:3000 {"service":"backend-api"}
2026-02-02 18:25:52 +05:30: 2026-02-02T12:55:52.741Z [[32minfo[39m]: 🌍 Environment: development {"service":"backend-api"}
2026-02-02 18:25:52 +05:30: 2026-02-02T12:55:52.741Z [[32minfo[39m]: ================================================ {"service":"backend-api"}
2026-02-02 18:25:53 +05:30: 2026-02-02T12:55:53.381Z [[32minfo[39m]: Redis connected {"service":"backend-api"}
2026-02-02 18:25:53 +05:30: 2026-02-02T12:55:53.388Z [[32minfo[39m]: ✅ MongoDB connected {"service":"backend-api"}
2026-02-02 18:25:53 +05:30: 2026-02-02T12:55:53.397Z [[32minfo[39m]: ================================================ {"service":"backend-api"}
2026-02-02 18:25:53 +05:30: 2026-02-02T12:55:53.397Z [[32minfo[39m]: ✔ Server started successfully! {"service":"backend-api"}
2026-02-02 18:25:53 +05:30: 2026-02-02T12:55:53.397Z [[32minfo[39m]: 🌐 Server URL: http://localhost:3000 {"service":"backend-api"}
2026-02-02 18:25:53 +05:30: 2026-02-02T12:55:53.397Z [[32minfo[39m]: 🌍 Environment: development {"service":"backend-api"}
2026-02-02 18:25:53 +05:30: 2026-02-02T12:55:53.398Z [[32minfo[39m]: ================================================ {"service":"backend-api"}
2026-02-02 18:25:53 +05:30: 2026-02-02T12:55:53.965Z [[32minfo[39m]: Redis connected {"service":"backend-api"}
2026-02-02 18:25:53 +05:30: 2026-02-02T12:55:53.972Z [[32minfo[39m]: ✅ MongoDB connected {"service":"backend-api"}
2026-02-02 18:25:53 +05:30: 2026-02-02T12:55:53.980Z [[32minfo[39m]: ================================================ {"service":"backend-api"}
2026-02-02 18:25:53 +05:30: 2026-02-02T12:55:53.980Z [[32minfo[39m]: ✔ Server started successfully! {"service":"backend-api"}
2026-02-02 18:25:53 +05:30: 2026-02-02T12:55:53.980Z [[32minfo[39m]: 🌐 Server URL: http://localhost:3000 {"service":"backend-api"}
2026-02-02 18:25:53 +05:30: 2026-02-02T12:55:53.981Z [[32minfo[39m]: 🌍 Environment: development {"service":"backend-api"}
2026-02-02 18:25:53 +05:30: 2026-02-02T12:55:53.981Z [[32minfo[39m]: ================================================ {"service":"backend-api"}
2026-02-02 18:25:54 +05:30: 2026-02-02T12:55:54.538Z [[32minfo[39m]: Redis connected {"service":"backend-api"}
2026-02-02 18:25:54 +05:30: 2026-02-02T12:55:54.545Z [[32minfo[39m]: ✅ MongoDB connected {"service":"backend-api"}
2026-02-02 18:25:54 +05:30: 2026-02-02T12:55:54.553Z [[32minfo[39m]: ================================================ {"service":"backend-api"}
2026-02-02 18:25:54 +05:30: 2026-02-02T12:55:54.553Z [[32minfo[39m]: ✔ Server started successfully! {"service":"backend-api"}
2026-02-02 18:25:54 +05:30: 2026-02-02T12:55:54.554Z [[32minfo[39m]: 🌐 Server URL: http://localhost:3000 {"service":"backend-api"}
2026-02-02 18:25:54 +05:30: 2026-02-02T12:55:54.554Z [[32minfo[39m]: 🌍 Environment: development {"service":"backend-api"}
2026-02-02 18:25:54 +05:30: 2026-02-02T12:55:54.554Z [[32minfo[39m]: ================================================ {"service":"backend-api"}
2026-02-02 18:25:55 +05:30: 2026-02-02T12:55:55.166Z [[32minfo[39m]: Redis connected {"service":"backend-api"}
2026-02-02 18:25:55 +05:30: 2026-02-02T12:55:55.174Z [[32minfo[39m]: ✅ MongoDB connected {"service":"backend-api"}
2026-02-02 18:25:55 +05:30: 2026-02-02T12:55:55.183Z [[32minfo[39m]: ================================================ {"service":"backend-api"}
2026-02-02 18:25:55 +05:30: 2026-02-02T12:55:55.183Z [[32minfo[39m]: ✔ Server started successfully! {"service":"backend-api"}
2026-02-02 18:25:55 +05:30: 2026-02-02T12:55:55.183Z [[32minfo[39m]: 🌐 Server URL: http://localhost:3000 {"service":"backend-api"}
2026-02-02 18:25:55 +05:30: 2026-02-02T12:55:55.184Z [[32minfo[39m]: 🌍 Environment: development {"service":"backend-api"}
2026-02-02 18:25:55 +05:30: 2026-02-02T12:55:55.184Z [[32minfo[39m]: ================================================ {"service":"backend-api"}
2026-02-02 18:25:55 +05:30: 2026-02-02T12:55:55.765Z [[32minfo[39m]: Redis connected {"service":"backend-api"}
2026-02-02 18:25:55 +05:30: 2026-02-02T12:55:55.772Z [[32minfo[39m]: ✅ MongoDB connected {"service":"backend-api"}
2026-02-02 18:25:55 +05:30: 2026-02-02T12:55:55.780Z [[32minfo[39m]: ================================================ {"service":"backend-api"}
2026-02-02 18:25:55 +05:30: 2026-02-02T12:55:55.780Z [[32minfo[39m]: ✔ Server started successfully! {"service":"backend-api"}
2026-02-02 18:25:55 +05:30: 2026-02-02T12:55:55.781Z [[32minfo[39m]: 🌐 Server URL: http://localhost:3000 {"service":"backend-api"}
2026-02-02 18:25:55 +05:30: 2026-02-02T12:55:55.781Z [[32minfo[39m]: 🌍 Environment: development {"service":"backend-api"}
2026-02-02 18:25:55 +05:30: 2026-02-02T12:55:55.781Z [[32minfo[39m]: ================================================ {"service":"backend-api"}
2026-02-02 19:37:19 +05:30: 2026-02-02T14:07:19.295Z [[32minfo[39m]: Redis connected {"service":"backend-api"}
2026-02-02 19:37:19 +05:30: 2026-02-02T14:07:19.299Z [[32minfo[39m]: ✅ MongoDB connected {"service":"backend-api"}
2026-02-02 19:37:19 +05:30: 2026-02-02T14:07:19.309Z [[32minfo[39m]: ================================================ {"service":"backend-api"}
2026-02-02 19:37:19 +05:30: 2026-02-02T14:07:19.310Z [[32minfo[39m]: ✔ Server started successfully! {"service":"backend-api"}
2026-02-02 19:37:19 +05:30: 2026-02-02T14:07:19.310Z [[32minfo[39m]: 🌐 Server URL: http://localhost:3000 {"service":"backend-api"}
2026-02-02 19:37:19 +05:30: 2026-02-02T14:07:19.310Z [[32minfo[39m]: 🌍 Environment: development {"service":"backend-api"}
2026-02-02 19:37:19 +05:30: 2026-02-02T14:07:19.310Z [[32minfo[39m]: ================================================ {"service":"backend-api"}
2026-02-02 19:37:19 +05:30: 2026-02-02T14:07:19.640Z [[32minfo[39m]: Redis connected {"service":"backend-api"}
2026-02-02 19:37:19 +05:30: 2026-02-02T14:07:19.644Z [[32minfo[39m]: ✅ MongoDB connected {"service":"backend-api"}
2026-02-02 19:37:19 +05:30: 2026-02-02T14:07:19.649Z [[32minfo[39m]: ================================================ {"service":"backend-api"}
2026-02-02 19:37:19 +05:30: 2026-02-02T14:07:19.649Z [[32minfo[39m]: ✔ Server started successfully! {"service":"backend-api"}
2026-02-02 19:37:19 +05:30: 2026-02-02T14:07:19.649Z [[32minfo[39m]: 🌐 Server URL: http://localhost:3000 {"service":"backend-api"}
2026-02-02 19:37:19 +05:30: 2026-02-02T14:07:19.649Z [[32minfo[39m]: 🌍 Environment: development {"service":"backend-api"}
2026-02-02 19:37:19 +05:30: 2026-02-02T14:07:19.649Z [[32minfo[39m]: ================================================ {"service":"backend-api"}
2026-02-02 19:37:19 +05:30: 2026-02-02T14:07:19.980Z [[32minfo[39m]: Redis connected {"service":"backend-api"}
2026-02-02 19:37:19 +05:30: 2026-02-02T14:07:19.984Z [[32minfo[39m]: ✅ MongoDB connected {"service":"backend-api"}
2026-02-02 19:37:19 +05:30: 2026-02-02T14:07:19.988Z [[32minfo[39m]: ================================================ {"service":"backend-api"}
2026-02-02 19:37:19 +05:30: 2026-02-02T14:07:19.988Z [[32minfo[39m]: ✔ Server started successfully! {"service":"backend-api"}
2026-02-02 19:37:19 +05:30: 2026-02-02T14:07:19.988Z [[32minfo[39m]: 🌐 Server URL: http://localhost:3000 {"service":"backend-api"}
2026-02-02 19:37:19 +05:30: 2026-02-02T14:07:19.989Z [[32minfo[39m]: 🌍 Environment: development {"service":"backend-api"}
2026-02-02 19:37:19 +05:30: 2026-02-02T14:07:19.989Z [[32minfo[39m]: ================================================ {"service":"backend-api"}
2026-02-02 19:37:20 +05:30: 2026-02-02T14:07:20.314Z [[32minfo[39m]: Redis connected {"service":"backend-api"}
2026-02-02 19:37:20 +05:30: 2026-02-02T14:07:20.318Z [[32minfo[39m]: ✅ MongoDB connected {"service":"backend-api"}
2026-02-02 19:37:20 +05:30: 2026-02-02T14:07:20.323Z [[32minfo[39m]: ================================================ {"service":"backend-api"}
2026-02-02 19:37:20 +05:30: 2026-02-02T14:07:20.323Z [[32minfo[39m]: ✔ Server started successfully! {"service":"backend-api"}
2026-02-02 19:37:20 +05:30: 2026-02-02T14:07:20.323Z [[32minfo[39m]: 🌐 Server URL: http://localhost:3000 {"service":"backend-api"}
2026-02-02 19:37:20 +05:30: 2026-02-02T14:07:20.323Z [[32minfo[39m]: 🌍 Environment: development {"service":"backend-api"}
2026-02-02 19:37:20 +05:30: 2026-02-02T14:07:20.323Z [[32minfo[39m]: ================================================ {"service":"backend-api"}
2026-02-02 19:37:20 +05:30: 2026-02-02T14:07:20.650Z [[32minfo[39m]: Redis connected {"service":"backend-api"}
2026-02-02 19:37:20 +05:30: 2026-02-02T14:07:20.654Z [[32minfo[39m]: ✅ MongoDB connected {"service":"backend-api"}
2026-02-02 19:37:20 +05:30: 2026-02-02T14:07:20.658Z [[32minfo[39m]: ================================================ {"service":"backend-api"}
2026-02-02 19:37:20 +05:30: 2026-02-02T14:07:20.658Z [[32minfo[39m]: ✔ Server started successfully! {"service":"backend-api"}
2026-02-02 19:37:20 +05:30: 2026-02-02T14:07:20.658Z [[32minfo[39m]: 🌐 Server URL: http://localhost:3000 {"service":"backend-api"}
2026-02-02 19:37:20 +05:30: 2026-02-02T14:07:20.658Z [[32minfo[39m]: 🌍 Environment: development {"service":"backend-api"}
2026-02-02 19:37:20 +05:30: 2026-02-02T14:07:20.659Z [[32minfo[39m]: ================================================ {"service":"backend-api"}
2026-02-02 19:37:20 +05:30: 2026-02-02T14:07:20.994Z [[32minfo[39m]: Redis connected {"service":"backend-api"}
2026-02-02 19:37:20 +05:30: 2026-02-02T14:07:20.998Z [[32minfo[39m]: ✅ MongoDB connected {"service":"backend-api"}
2026-02-02 19:37:21 +05:30: 2026-02-02T14:07:21.003Z [[32minfo[39m]: ================================================ {"service":"backend-api"}
2026-02-02 19:37:21 +05:30: 2026-02-02T14:07:21.003Z [[32minfo[39m]: ✔ Server started successfully! {"service":"backend-api"}
2026-02-02 19:37:21 +05:30: 2026-02-02T14:07:21.003Z [[32minfo[39m]: 🌐 Server URL: http://localhost:3000 {"service":"backend-api"}
2026-02-02 19:37:21 +05:30: 2026-02-02T14:07:21.003Z [[32minfo[39m]: 🌍 Environment: development {"service":"backend-api"}
2026-02-02 19:37:21 +05:30: 2026-02-02T14:07:21.003Z [[32minfo[39m]: ================================================ {"service":"backend-api"}
2026-02-02 19:37:21 +05:30: 2026-02-02T14:07:21.339Z [[32minfo[39m]: Redis connected {"service":"backend-api"}
2026-02-02 19:37:21 +05:30: 2026-02-02T14:07:21.343Z [[32minfo[39m]: ✅ MongoDB connected {"service":"backend-api"}
2026-02-02 19:37:21 +05:30: 2026-02-02T14:07:21.348Z [[32minfo[39m]: ================================================ {"service":"backend-api"}
2026-02-02 19:37:21 +05:30: 2026-02-02T14:07:21.348Z [[32minfo[39m]: ✔ Server started successfully! {"service":"backend-api"}
2026-02-02 19:37:21 +05:30: 2026-02-02T14:07:21.348Z [[32minfo[39m]: 🌐 Server URL: http://localhost:3000 {"service":"backend-api"}
2026-02-02 19:37:21 +05:30: 2026-02-02T14:07:21.348Z [[32minfo[39m]: 🌍 Environment: development {"service":"backend-api"}
2026-02-02 19:37:21 +05:30: 2026-02-02T14:07:21.348Z [[32minfo[39m]: ================================================ {"service":"backend-api"}
2026-02-02 19:37:21 +05:30: 2026-02-02T14:07:21.681Z [[32minfo[39m]: Redis connected {"service":"backend-api"}
2026-02-02 19:37:21 +05:30: 2026-02-02T14:07:21.685Z [[32minfo[39m]: ✅ MongoDB connected {"service":"backend-api"}
2026-02-02 19:37:21 +05:30: 2026-02-02T14:07:21.689Z [[32minfo[39m]: ================================================ {"service":"backend-api"}
2026-02-02 19:37:21 +05:30: 2026-02-02T14:07:21.690Z [[32minfo[39m]: ✔ Server started successfully! {"service":"backend-api"}
2026-02-02 19:37:21 +05:30: 2026-02-02T14:07:21.690Z [[32minfo[39m]: 🌐 Server URL: http://localhost:3000 {"service":"backend-api"}
2026-02-02 19:37:21 +05:30: 2026-02-02T14:07:21.690Z [[32minfo[39m]: 🌍 Environment: development {"service":"backend-api"}
2026-02-02 19:37:21 +05:30: 2026-02-02T14:07:21.690Z [[32minfo[39m]: ================================================ {"service":"backend-api"}
2026-02-02 19:37:22 +05:30: 2026-02-02T14:07:22.021Z [[32minfo[39m]: Redis connected {"service":"backend-api"}
2026-02-02 19:37:22 +05:30: 2026-02-02T14:07:22.025Z [[32minfo[39m]: ✅ MongoDB connected {"service":"backend-api"}
2026-02-02 19:37:22 +05:30: 2026-02-02T14:07:22.029Z [[32minfo[39m]: ================================================ {"service":"backend-api"}
2026-02-02 19:37:22 +05:30: 2026-02-02T14:07:22.030Z [[32minfo[39m]: ✔ Server started successfully! {"service":"backend-api"}
2026-02-02 19:37:22 +05:30: 2026-02-02T14:07:22.030Z [[32minfo[39m]: 🌐 Server URL: http://localhost:3000 {"service":"backend-api"}
2026-02-02 19:37:22 +05:30: 2026-02-02T14:07:22.030Z [[32minfo[39m]: 🌍 Environment: development {"service":"backend-api"}
2026-02-02 19:37:22 +05:30: 2026-02-02T14:07:22.030Z [[32minfo[39m]: ================================================ {"service":"backend-api"}
2026-02-02 19:37:22 +05:30: 2026-02-02T14:07:22.355Z [[32minfo[39m]: Redis connected {"service":"backend-api"}
2026-02-02 19:37:22 +05:30: 2026-02-02T14:07:22.359Z [[32minfo[39m]: ✅ MongoDB connected {"service":"backend-api"}
2026-02-02 19:37:22 +05:30: 2026-02-02T14:07:22.364Z [[32minfo[39m]: ================================================ {"service":"backend-api"}
2026-02-02 19:37:22 +05:30: 2026-02-02T14:07:22.364Z [[32minfo[39m]: ✔ Server started successfully! {"service":"backend-api"}
2026-02-02 19:37:22 +05:30: 2026-02-02T14:07:22.364Z [[32minfo[39m]: 🌐 Server URL: http://localhost:3000 {"service":"backend-api"}
2026-02-02 19:37:22 +05:30: 2026-02-02T14:07:22.364Z [[32minfo[39m]: 🌍 Environment: development {"service":"backend-api"}
2026-02-02 19:37:22 +05:30: 2026-02-02T14:07:22.364Z [[32minfo[39m]: ================================================ {"service":"backend-api"}
2026-02-02 19:37:22 +05:30: 2026-02-02T14:07:22.696Z [[32minfo[39m]: Redis connected {"service":"backend-api"}
2026-02-02 19:37:22 +05:30: 2026-02-02T14:07:22.700Z [[32minfo[39m]: ✅ MongoDB connected {"service":"backend-api"}
2026-02-02 19:37:22 +05:30: 2026-02-02T14:07:22.705Z [[32minfo[39m]: ================================================ {"service":"backend-api"}
2026-02-02 19:37:22 +05:30: 2026-02-02T14:07:22.705Z [[32minfo[39m]: ✔ Server started successfully! {"service":"backend-api"}
2026-02-02 19:37:22 +05:30: 2026-02-02T14:07:22.705Z [[32minfo[39m]: 🌐 Server URL: http://localhost:3000 {"service":"backend-api"}
2026-02-02 19:37:22 +05:30: 2026-02-02T14:07:22.706Z [[32minfo[39m]: 🌍 Environment: development {"service":"backend-api"}
2026-02-02 19:37:22 +05:30: 2026-02-02T14:07:22.706Z [[32minfo[39m]: ================================================ {"service":"backend-api"}
2026-02-02 19:37:23 +05:30: 2026-02-02T14:07:23.026Z [[32minfo[39m]: Redis connected {"service":"backend-api"}
2026-02-02 19:37:23 +05:30: 2026-02-02T14:07:23.030Z [[32minfo[39m]: ✅ MongoDB connected {"service":"backend-api"}
2026-02-02 19:37:23 +05:30: 2026-02-02T14:07:23.034Z [[32minfo[39m]: ================================================ {"service":"backend-api"}
2026-02-02 19:37:23 +05:30: 2026-02-02T14:07:23.034Z [[32minfo[39m]: ✔ Server started successfully! {"service":"backend-api"}
2026-02-02 19:37:23 +05:30: 2026-02-02T14:07:23.035Z [[32minfo[39m]: 🌐 Server URL: http://localhost:3000 {"service":"backend-api"}
2026-02-02 19:37:23 +05:30: 2026-02-02T14:07:23.035Z [[32minfo[39m]: 🌍 Environment: development {"service":"backend-api"}
2026-02-02 19:37:23 +05:30: 2026-02-02T14:07:23.035Z [[32minfo[39m]: ================================================ {"service":"backend-api"}
2026-02-02 19:44:30 +05:30: 2026-02-02T14:14:30.849Z [[32minfo[39m]: Redis connected {"service":"backend-api"}
2026-02-02 19:44:30 +05:30: 2026-02-02T14:14:30.853Z [[32minfo[39m]: ✅ MongoDB connected {"service":"backend-api"}
2026-02-02 19:44:30 +05:30: 2026-02-02T14:14:30.863Z [[32minfo[39m]: ================================================ {"service":"backend-api"}
2026-02-02 19:44:30 +05:30: 2026-02-02T14:14:30.863Z [[32minfo[39m]: ✔ Server started successfully! {"service":"backend-api"}
2026-02-02 19:44:30 +05:30: 2026-02-02T14:14:30.863Z [[32minfo[39m]: 🌐 Server URL: http://localhost:3000 {"service":"backend-api"}
2026-02-02 19:44:30 +05:30: 2026-02-02T14:14:30.863Z [[32minfo[39m]: 🌍 Environment: development {"service":"backend-api"}
2026-02-02 19:44:30 +05:30: 2026-02-02T14:14:30.863Z [[32minfo[39m]: ================================================ {"service":"backend-api"}
2026-02-02 19:44:31 +05:30: 2026-02-02T14:14:31.195Z [[32minfo[39m]: Redis connected {"service":"backend-api"}
2026-02-02 19:44:31 +05:30: 2026-02-02T14:14:31.200Z [[32minfo[39m]: ✅ MongoDB connected {"service":"backend-api"}
2026-02-02 19:44:31 +05:30: 2026-02-02T14:14:31.204Z [[32minfo[39m]: ================================================ {"service":"backend-api"}
2026-02-02 19:44:31 +05:30: 2026-02-02T14:14:31.204Z [[32minfo[39m]: ✔ Server started successfully! {"service":"backend-api"}
2026-02-02 19:44:31 +05:30: 2026-02-02T14:14:31.204Z [[32minfo[39m]: 🌐 Server URL: http://localhost:3000 {"service":"backend-api"}
2026-02-02 19:44:31 +05:30: 2026-02-02T14:14:31.205Z [[32minfo[39m]: 🌍 Environment: development {"service":"backend-api"}
2026-02-02 19:44:31 +05:30: 2026-02-02T14:14:31.205Z [[32minfo[39m]: ================================================ {"service":"backend-api"}
2026-02-02 19:44:31 +05:30: 2026-02-02T14:14:31.534Z [[32minfo[39m]: Redis connected {"service":"backend-api"}
2026-02-02 19:44:31 +05:30: 2026-02-02T14:14:31.538Z [[32minfo[39m]: ✅ MongoDB connected {"service":"backend-api"}
2026-02-02 19:44:31 +05:30: 2026-02-02T14:14:31.542Z [[32minfo[39m]: ================================================ {"service":"backend-api"}
2026-02-02 19:44:31 +05:30: 2026-02-02T14:14:31.543Z [[32minfo[39m]: ✔ Server started successfully! {"service":"backend-api"}
2026-02-02 19:44:31 +05:30: 2026-02-02T14:14:31.543Z [[32minfo[39m]: 🌐 Server URL: http://localhost:3000 {"service":"backend-api"}
2026-02-02 19:44:31 +05:30: 2026-02-02T14:14:31.543Z [[32minfo[39m]: 🌍 Environment: development {"service":"backend-api"}
2026-02-02 19:44:31 +05:30: 2026-02-02T14:14:31.543Z [[32minfo[39m]: ================================================ {"service":"backend-api"}
2026-02-02 19:44:31 +05:30: 2026-02-02T14:14:31.877Z [[32minfo[39m]: Redis connected {"service":"backend-api"}
2026-02-02 19:44:31 +05:30: 2026-02-02T14:14:31.881Z [[32minfo[39m]: ✅ MongoDB connected {"service":"backend-api"}
2026-02-02 19:44:31 +05:30: 2026-02-02T14:14:31.885Z [[32minfo[39m]: ================================================ {"service":"backend-api"}
2026-02-02 19:44:31 +05:30: 2026-02-02T14:14:31.885Z [[32minfo[39m]: ✔ Server started successfully! {"service":"backend-api"}
2026-02-02 19:44:31 +05:30: 2026-02-02T14:14:31.885Z [[32minfo[39m]: 🌐 Server URL: http://localhost:3000 {"service":"backend-api"}
2026-02-02 19:44:31 +05:30: 2026-02-02T14:14:31.886Z [[32minfo[39m]: 🌍 Environment: development {"service":"backend-api"}
2026-02-02 19:44:31 +05:30: 2026-02-02T14:14:31.886Z [[32minfo[39m]: ================================================ {"service":"backend-api"}
2026-02-02 19:44:32 +05:30: 2026-02-02T14:14:32.209Z [[32minfo[39m]: Redis connected {"service":"backend-api"}
2026-02-02 19:44:32 +05:30: 2026-02-02T14:14:32.213Z [[32minfo[39m]: ✅ MongoDB connected {"service":"backend-api"}
2026-02-02 19:44:32 +05:30: 2026-02-02T14:14:32.217Z [[32minfo[39m]: ================================================ {"service":"backend-api"}
2026-02-02 19:44:32 +05:30: 2026-02-02T14:14:32.217Z [[32minfo[39m]: ✔ Server started successfully! {"service":"backend-api"}
2026-02-02 19:44:32 +05:30: 2026-02-02T14:14:32.218Z [[32minfo[39m]: 🌐 Server URL: http://localhost:3000 {"service":"backend-api"}
2026-02-02 19:44:32 +05:30: 2026-02-02T14:14:32.218Z [[32minfo[39m]: 🌍 Environment: development {"service":"backend-api"}
2026-02-02 19:44:32 +05:30: 2026-02-02T14:14:32.218Z [[32minfo[39m]: ================================================ {"service":"backend-api"}
2026-02-02 19:44:32 +05:30: 2026-02-02T14:14:32.552Z [[32minfo[39m]: Redis connected {"service":"backend-api"}
2026-02-02 19:44:32 +05:30: 2026-02-02T14:14:32.556Z [[32minfo[39m]: ✅ MongoDB connected {"service":"backend-api"}
2026-02-02 19:44:32 +05:30: 2026-02-02T14:14:32.560Z [[32minfo[39m]: ================================================ {"service":"backend-api"}
2026-02-02 19:44:32 +05:30: 2026-02-02T14:14:32.561Z [[32minfo[39m]: ✔ Server started successfully! {"service":"backend-api"}
2026-02-02 19:44:32 +05:30: 2026-02-02T14:14:32.561Z [[32minfo[39m]: 🌐 Server URL: http://localhost:3000 {"service":"backend-api"}
2026-02-02 19:44:32 +05:30: 2026-02-02T14:14:32.561Z [[32minfo[39m]: 🌍 Environment: development {"service":"backend-api"}
2026-02-02 19:44:32 +05:30: 2026-02-02T14:14:32.561Z [[32minfo[39m]: ================================================ {"service":"backend-api"}
2026-02-02 19:44:32 +05:30: 2026-02-02T14:14:32.910Z [[32minfo[39m]: Redis connected {"service":"backend-api"}
2026-02-02 19:44:32 +05:30: 2026-02-02T14:14:32.914Z [[32minfo[39m]: ✅ MongoDB connected {"service":"backend-api"}
2026-02-02 19:44:32 +05:30: 2026-02-02T14:14:32.919Z [[32minfo[39m]: ================================================ {"service":"backend-api"}
2026-02-02 19:44:32 +05:30: 2026-02-02T14:14:32.919Z [[32minfo[39m]: ✔ Server started successfully! {"service":"backend-api"}
2026-02-02 19:44:32 +05:30: 2026-02-02T14:14:32.919Z [[32minfo[39m]: 🌐 Server URL: http://localhost:3000 {"service":"backend-api"}
2026-02-02 19:44:32 +05:30: 2026-02-02T14:14:32.919Z [[32minfo[39m]: 🌍 Environment: development {"service":"backend-api"}
2026-02-02 19:44:32 +05:30: 2026-02-02T14:14:32.920Z [[32minfo[39m]: ================================================ {"service":"backend-api"}
2026-02-02 19:44:33 +05:30: 2026-02-02T14:14:33.261Z [[32minfo[39m]: Redis connected {"service":"backend-api"}
2026-02-02 19:44:33 +05:30: 2026-02-02T14:14:33.265Z [[32minfo[39m]: ✅ MongoDB connected {"service":"backend-api"}
2026-02-02 19:44:33 +05:30: 2026-02-02T14:14:33.270Z [[32minfo[39m]: ================================================ {"service":"backend-api"}
2026-02-02 19:44:33 +05:30: 2026-02-02T14:14:33.270Z [[32minfo[39m]: ✔ Server started successfully! {"service":"backend-api"}
2026-02-02 19:44:33 +05:30: 2026-02-02T14:14:33.270Z [[32minfo[39m]: 🌐 Server URL: http://localhost:3000 {"service":"backend-api"}
2026-02-02 19:44:33 +05:30: 2026-02-02T14:14:33.270Z [[32minfo[39m]: 🌍 Environment: development {"service":"backend-api"}
2026-02-02 19:44:33 +05:30: 2026-02-02T14:14:33.271Z [[32minfo[39m]: ================================================ {"service":"backend-api"}
2026-02-02 19:44:33 +05:30: 2026-02-02T14:14:33.602Z [[32minfo[39m]: Redis connected {"service":"backend-api"}
2026-02-02 19:44:33 +05:30: 2026-02-02T14:14:33.606Z [[32minfo[39m]: ✅ MongoDB connected {"service":"backend-api"}
2026-02-02 19:44:33 +05:30: 2026-02-02T14:14:33.611Z [[32minfo[39m]: ================================================ {"service":"backend-api"}
2026-02-02 19:44:33 +05:30: 2026-02-02T14:14:33.611Z [[32minfo[39m]: ✔ Server started successfully! {"service":"backend-api"}
2026-02-02 19:44:33 +05:30: 2026-02-02T14:14:33.612Z [[32minfo[39m]: 🌐 Server URL: http://localhost:3000 {"service":"backend-api"}
2026-02-02 19:44:33 +05:30: 2026-02-02T14:14:33.612Z [[32minfo[39m]: 🌍 Environment: development {"service":"backend-api"}
2026-02-02 19:44:33 +05:30: 2026-02-02T14:14:33.612Z [[32minfo[39m]: ================================================ {"service":"backend-api"}
2026-02-02 19:44:33 +05:30: 2026-02-02T14:14:33.939Z [[32minfo[39m]: Redis connected {"service":"backend-api"}
2026-02-02 19:44:33 +05:30: 2026-02-02T14:14:33.943Z [[32minfo[39m]: ✅ MongoDB connected {"service":"backend-api"}
2026-02-02 19:44:33 +05:30: 2026-02-02T14:14:33.948Z [[32minfo[39m]: ================================================ {"service":"backend-api"}
2026-02-02 19:44:33 +05:30: 2026-02-02T14:14:33.948Z [[32minfo[39m]: ✔ Server started successfully! {"service":"backend-api"}
2026-02-02 19:44:33 +05:30: 2026-02-02T14:14:33.948Z [[32minfo[39m]: 🌐 Server URL: http://localhost:3000 {"service":"backend-api"}
2026-02-02 19:44:33 +05:30: 2026-02-02T14:14:33.948Z [[32minfo[39m]: 🌍 Environment: development {"service":"backend-api"}
2026-02-02 19:44:33 +05:30: 2026-02-02T14:14:33.949Z [[32minfo[39m]: ================================================ {"service":"backend-api"}
2026-02-02 19:44:34 +05:30: 2026-02-02T14:14:34.270Z [[32minfo[39m]: Redis connected {"service":"backend-api"}
2026-02-02 19:44:34 +05:30: 2026-02-02T14:14:34.274Z [[32minfo[39m]: ✅ MongoDB connected {"service":"backend-api"}
2026-02-02 19:44:34 +05:30: 2026-02-02T14:14:34.279Z [[32minfo[39m]: ================================================ {"service":"backend-api"}
2026-02-02 19:44:34 +05:30: 2026-02-02T14:14:34.279Z [[32minfo[39m]: ✔ Server started successfully! {"service":"backend-api"}
2026-02-02 19:44:34 +05:30: 2026-02-02T14:14:34.279Z [[32minfo[39m]: 🌐 Server URL: http://localhost:3000 {"service":"backend-api"}
2026-02-02 19:44:34 +05:30: 2026-02-02T14:14:34.280Z [[32minfo[39m]: 🌍 Environment: development {"service":"backend-api"}
2026-02-02 19:44:34 +05:30: 2026-02-02T14:14:34.280Z [[32minfo[39m]: ================================================ {"service":"backend-api"}
2026-02-02 19:44:34 +05:30: 2026-02-02T14:14:34.604Z [[32minfo[39m]: Redis connected {"service":"backend-api"}
2026-02-02 19:44:34 +05:30: 2026-02-02T14:14:34.608Z [[32minfo[39m]: ✅ MongoDB connected {"service":"backend-api"}
2026-02-02 19:44:34 +05:30: 2026-02-02T14:14:34.612Z [[32minfo[39m]: ================================================ {"service":"backend-api"}
2026-02-02 19:44:34 +05:30: 2026-02-02T14:14:34.613Z [[32minfo[39m]: ✔ Server started successfully! {"service":"backend-api"}
2026-02-02 19:44:34 +05:30: 2026-02-02T14:14:34.613Z [[32minfo[39m]: 🌐 Server URL: http://localhost:3000 {"service":"backend-api"}
2026-02-02 19:44:34 +05:30: 2026-02-02T14:14:34.613Z [[32minfo[39m]: 🌍 Environment: development {"service":"backend-api"}
2026-02-02 19:44:34 +05:30: 2026-02-02T14:14:34.613Z [[32minfo[39m]: ================================================ {"service":"backend-api"}
2026-02-03 08:10:29 +05:30: 2026-02-03T02:40:29.590Z [[32minfo[39m]: 👋 SIGINT received. Shutting down gracefully... {"service":"backend-api"}
2026-02-03 08:10:29 +05:30: 2026-02-03T02:40:29.592Z [[32minfo[39m]: 👋 SIGINT received. Shutting down gracefully... {"service":"backend-api"}
2026-02-03 08:10:32 +05:30: 2026-02-03T02:40:32.758Z [[32minfo[39m]: 👋 SIGINT received. Shutting down gracefully... {"service":"backend-api"}
2026-02-03 08:10:32 +05:30: 2026-02-03T02:40:32.763Z [[32minfo[39m]: 👋 SIGINT received. Shutting down gracefully... {"service":"backend-api"}
2026-02-03 08:10:35 +05:30: 2026-02-03T02:40:35.912Z [[32minfo[39m]: 👋 SIGINT received. Shutting down gracefully... {"service":"backend-api"}
2026-02-03 08:10:35 +05:30: 2026-02-03T02:40:35.917Z [[32minfo[39m]: 👋 SIGINT received. Shutting down gracefully... {"service":"backend-api"}
2026-02-03 08:10:39 +05:30: 2026-02-03T02:40:39.065Z [[32minfo[39m]: 👋 SIGINT received. Shutting down gracefully... {"service":"backend-api"}
2026-02-03 08:10:39 +05:30: 2026-02-03T02:40:39.067Z [[32minfo[39m]: 👋 SIGINT received. Shutting down gracefully... {"service":"backend-api"}
2026-02-03 08:10:42 +05:30: 2026-02-03T02:40:42.218Z [[32minfo[39m]: 👋 SIGINT received. Shutting down gracefully... {"service":"backend-api"}
2026-02-03 08:10:42 +05:30: 2026-02-03T02:40:42.222Z [[32minfo[39m]: 👋 SIGINT received. Shutting down gracefully... {"service":"backend-api"}
2026-02-03 08:10:45 +05:30: 2026-02-03T02:40:45.373Z [[32minfo[39m]: 👋 SIGINT received. Shutting down gracefully... {"service":"backend-api"}
2026-02-03 08:10:45 +05:30: 2026-02-03T02:40:45.373Z [[32minfo[39m]: 👋 SIGINT received. Shutting down gracefully... {"service":"backend-api"}
